0 info it worked if it ends with ok
1 verbose cli [ '/Users/yi.b.li/.nvm/versions/node/v5.11.0/bin/node',
1 verbose cli   '/Users/yi.b.li/.nvm/versions/node/v5.11.0/bin/npm',
1 verbose cli   'run',
1 verbose cli   'webpack-start' ]
2 info using npm@3.8.6
3 info using node@v5.11.0
4 verbose run-script [ 'prewebpack-start', 'webpack-start', 'postwebpack-start' ]
5 info lifecycle node-express-react@1.0.0~prewebpack-start: node-express-react@1.0.0
6 silly lifecycle node-express-react@1.0.0~prewebpack-start: no script for prewebpack-start, continuing
7 info lifecycle node-express-react@1.0.0~webpack-start: node-express-react@1.0.0
8 verbose lifecycle node-express-react@1.0.0~webpack-start: unsafe-perm in lifecycle true
9 verbose lifecycle node-express-react@1.0.0~webpack-start: PATH: /Users/yi.b.li/.nvm/versions/node/v5.11.0/lib/node_modules/npm/bin/node-gyp-bin:/Users/yi.b.li/node-express-react/node_modules/.bin:/Users/yi.b.li/.nvm/versions/node/v5.11.0/bin:/Users/yi.b.li/bin:/Users/yi.b.li/.rbenv/shims:/Users/yi.b.li/.rbenv/shims:/Users/yi.b.li/.rbenv/bin:/Users/yi.b.li/.nvm/versions/node/v5.11.0/bin:/usr/local/bin:/usr/bin:/bin:/usr/sbin:/sbin
10 verbose lifecycle node-express-react@1.0.0~webpack-start: CWD: /Users/yi.b.li/node-express-react
11 silly lifecycle node-express-react@1.0.0~webpack-start: Args: [ '-c', 'webpack && npm start' ]
12 silly lifecycle node-express-react@1.0.0~webpack-start: Returned: code: 1  signal: null
13 info lifecycle node-express-react@1.0.0~webpack-start: Failed to exec webpack-start script
14 verbose stack Error: node-express-react@1.0.0 webpack-start: `webpack && npm start`
14 verbose stack Exit status 1
14 verbose stack     at EventEmitter.<anonymous> (/Users/yi.b.li/.nvm/versions/node/v5.11.0/lib/node_modules/npm/lib/utils/lifecycle.js:239:16)
14 verbose stack     at emitTwo (events.js:100:13)
14 verbose stack     at EventEmitter.emit (events.js:185:7)
14 verbose stack     at ChildProcess.<anonymous> (/Users/yi.b.li/.nvm/versions/node/v5.11.0/lib/node_modules/npm/lib/utils/spawn.js:24:14)
14 verbose stack     at emitTwo (events.js:100:13)
14 verbose stack     at ChildProcess.emit (events.js:185:7)
14 verbose stack     at maybeClose (internal/child_process.js:850:16)
14 verbose stack     at Process.ChildProcess._handle.onexit (internal/child_process.js:215:5)
15 verbose pkgid node-express-react@1.0.0
16 verbose cwd /Users/yi.b.li/node-express-react
17 error Darwin 15.6.0
18 error argv "/Users/yi.b.li/.nvm/versions/node/v5.11.0/bin/node" "/Users/yi.b.li/.nvm/versions/node/v5.11.0/bin/npm" "run" "webpack-start"
19 error node v5.11.0
20 error npm  v3.8.6
21 error code ELIFECYCLE
22 error node-express-react@1.0.0 webpack-start: `webpack && npm start`
22 error Exit status 1
23 error Failed at the node-express-react@1.0.0 webpack-start script 'webpack && npm start'.
23 error Make sure you have the latest version of node.js and npm installed.
23 error If you do, this is most likely a problem with the node-express-react package,
23 error not with npm itself.
23 error Tell the author that this fails on your system:
23 error     webpack && npm start
23 error You can get information on how to open an issue for this project with:
23 error     npm bugs node-express-react
23 error Or if that isn't available, you can get their info via:
23 error     npm owner ls node-express-react
23 error There is likely additional logging output above.
24 verbose exit [ 1, true ]
